  [1m[35m (0.1ms)[0m  [1m[34mSELECT sqlite_version(*)[0m
  [1m[35m (10.3ms)[0m  [1m[35mCREATE TABLE "schema_migrations" ("version" varchar NOT NULL PRIMARY KEY)[0m
  [1m[35m (70.1ms)[0m  [1m[35mCREATE TABLE "ar_internal_metadata" ("key" varchar NOT NULL PRIMARY KEY, "value" varchar, "created_at" datetime NOT NULL, "updated_at" datetime NOT NULL)[0m
  [1m[35m (0.2ms)[0m  [1m[34mSELECT "schema_migrations"."version" FROM "schema_migrations" ORDER BY "schema_migrations"."version" ASC[0m
Migrating to CreateUsers (20180427082138)
  [1m[35m (0.1ms)[0m  [1m[36mbegin transaction[0m
  [1m[35m (1.6ms)[0m  [1m[35mCREATE TABLE "users" ("id" INTEGER PRIMARY KEY AUTOINCREMENT NOT NULL, "first_name" varchar, "last_name" varchar, "email" varchar, "password_hash" varchar, "created_at" datetime NOT NULL, "updated_at" datetime NOT NULL)[0m
  [1m[35mSQL (0.4ms)[0m  [1m[32mINSERT INTO "schema_migrations" ("version") VALUES (?)[0m  [["version", "20180427082138"]]
  [1m[35m (190.7ms)[0m  [1m[36mcommit transaction[0m
Migrating to CreatePlaylists (20180427082158)
  [1m[35m (0.2ms)[0m  [1m[36mbegin transaction[0m
  [1m[35m (6.0ms)[0m  [1m[35mCREATE TABLE "playlists" ("id" INTEGER PRIMARY KEY AUTOINCREMENT NOT NULL, "user_id" integer, "name" varchar, "created_at" datetime NOT NULL, "updated_at" datetime NOT NULL, CONSTRAINT "fk_rails_d67ef1eb45"
FOREIGN KEY ("user_id")
  REFERENCES "users" ("id")
)[0m
  [1m[35m (0.5ms)[0m  [1m[35mCREATE  INDEX "index_playlists_on_user_id" ON "playlists" ("user_id")[0m
  [1m[35mSQL (0.4ms)[0m  [1m[32mINSERT INTO "schema_migrations" ("version") VALUES (?)[0m  [["version", "20180427082158"]]
  [1m[35m (27.7ms)[0m  [1m[36mcommit transaction[0m
Migrating to CreateArtists (20180427082217)
  [1m[35m (0.1ms)[0m  [1m[36mbegin transaction[0m
  [1m[35m (1.7ms)[0m  [1m[35mCREATE TABLE "artists" ("id" INTEGER PRIMARY KEY AUTOINCREMENT NOT NULL, "name" varchar, "created_at" datetime NOT NULL, "updated_at" datetime NOT NULL)[0m
  [1m[35mSQL (0.3ms)[0m  [1m[32mINSERT INTO "schema_migrations" ("version") VALUES (?)[0m  [["version", "20180427082217"]]
  [1m[35m (12.3ms)[0m  [1m[36mcommit transaction[0m
Migrating to CreateAlbums (20180427082246)
  [1m[35m (0.1ms)[0m  [1m[36mbegin transaction[0m
  [1m[35m (1.7ms)[0m  [1m[35mCREATE TABLE "albums" ("id" INTEGER PRIMARY KEY AUTOINCREMENT NOT NULL, "name" varchar, "artist_id" integer, "created_at" datetime NOT NULL, "updated_at" datetime NOT NULL, CONSTRAINT "fk_rails_124a79559a"
FOREIGN KEY ("artist_id")
  REFERENCES "artists" ("id")
)[0m
  [1m[35m (0.3ms)[0m  [1m[35mCREATE  INDEX "index_albums_on_artist_id" ON "albums" ("artist_id")[0m
  [1m[35mSQL (4.2ms)[0m  [1m[32mINSERT INTO "schema_migrations" ("version") VALUES (?)[0m  [["version", "20180427082246"]]
  [1m[35m (11.1ms)[0m  [1m[36mcommit transaction[0m
Migrating to CreateTracks (20180427082624)
  [1m[35m (0.1ms)[0m  [1m[36mbegin transaction[0m
  [1m[35m (5.3ms)[0m  [1m[35mCREATE TABLE "tracks" ("id" INTEGER PRIMARY KEY AUTOINCREMENT NOT NULL, "name" varchar, "artist_id" integer, "playlist_id" integer, "created_at" datetime NOT NULL, "updated_at" datetime NOT NULL, CONSTRAINT "fk_rails_d99a0cbd74"
FOREIGN KEY ("artist_id")
  REFERENCES "artists" ("id")
, CONSTRAINT "fk_rails_af105a5ca8"
FOREIGN KEY ("playlist_id")
  REFERENCES "playlists" ("id")
)[0m
  [1m[35m (0.2ms)[0m  [1m[35mCREATE  INDEX "index_tracks_on_artist_id" ON "tracks" ("artist_id")[0m
  [1m[35m (0.1ms)[0m  [1m[34m            SELECT sql
            FROM sqlite_master
            WHERE name='index_tracks_on_artist_id' AND type='index'
            UNION ALL
            SELECT sql
            FROM sqlite_temp_master
            WHERE name='index_tracks_on_artist_id' AND type='index'
[0m
  [1m[35m (0.2ms)[0m  [1m[35mCREATE  INDEX "index_tracks_on_playlist_id" ON "tracks" ("playlist_id")[0m
  [1m[35mSQL (0.3ms)[0m  [1m[32mINSERT INTO "schema_migrations" ("version") VALUES (?)[0m  [["version", "20180427082624"]]
  [1m[35m (13.1ms)[0m  [1m[36mcommit transaction[0m
  [1m[36mActiveRecord::InternalMetadata Load (0.2ms)[0m  [1m[34mSELECT  "ar_internal_metadata".* FROM "ar_internal_metadata" WHERE "ar_internal_metadata"."key" = ? LIMIT ?[0m  [["key", "environment"], ["LIMIT", 1]]
  [1m[35m (0.2ms)[0m  [1m[36mbegin transaction[0m
  [1m[35mSQL (1.7ms)[0m  [1m[32mINSERT INTO "ar_internal_metadata" ("key", "value", "created_at", "updated_at") VALUES (?, ?, ?, ?)[0m  [["key", "environment"], ["value", "development"], ["created_at", "2018-04-27 08:40:11.713612"], ["updated_at", "2018-04-27 08:40:11.713612"]]
  [1m[35m (11.2ms)[0m  [1m[36mcommit transaction[0m
  [1m[35m (0.3ms)[0m  [1m[34mSELECT "schema_migrations"."version" FROM "schema_migrations" ORDER BY "schema_migrations"."version" ASC[0m
  [1m[35m (0.1ms)[0m  [1m[34m            SELECT sql
            FROM sqlite_master
            WHERE name='index_albums_on_artist_id' AND type='index'
            UNION ALL
            SELECT sql
            FROM sqlite_temp_master
            WHERE name='index_albums_on_artist_id' AND type='index'
[0m
  [1m[35m (0.1ms)[0m  [1m[34m            SELECT sql
            FROM sqlite_master
            WHERE name='index_playlists_on_user_id' AND type='index'
            UNION ALL
            SELECT sql
            FROM sqlite_temp_master
            WHERE name='index_playlists_on_user_id' AND type='index'
[0m
  [1m[35m (0.1ms)[0m  [1m[34m            SELECT sql
            FROM sqlite_master
            WHERE name='index_tracks_on_playlist_id' AND type='index'
            UNION ALL
            SELECT sql
            FROM sqlite_temp_master
            WHERE name='index_tracks_on_playlist_id' AND type='index'
[0m
  [1m[35m (0.1ms)[0m  [1m[34m            SELECT sql
            FROM sqlite_master
            WHERE name='index_tracks_on_artist_id' AND type='index'
            UNION ALL
            SELECT sql
            FROM sqlite_temp_master
            WHERE name='index_tracks_on_artist_id' AND type='index'
[0m
Started GET "/" for 127.0.0.1 at 2018-04-27 04:40:29 -0400
  [1m[35m (0.2ms)[0m  [1m[34mSELECT "schema_migrations"."version" FROM "schema_migrations" ORDER BY "schema_migrations"."version" ASC[0m
Processing by WelcomeController#index as HTML
  Rendering welcome/index.html.erb within layouts/application
  Rendered welcome/index.html.erb within layouts/application (1.6ms)
  Rendered layouts/_nav.html.erb (1.3ms)
Completed 200 OK in 10210ms (Views: 10168.4ms | ActiveRecord: 1.4ms)


Started GET "/users/new" for 127.0.0.1 at 2018-04-27 04:40:43 -0400
Processing by UsersController#new as HTML
  Rendering users/new.html.erb within layouts/application
  Rendered users/_form.html.erb (49.3ms)
  Rendered users/new.html.erb within layouts/application (58.2ms)
  Rendered layouts/_nav.html.erb (1.0ms)
Completed 200 OK in 163ms (Views: 129.1ms | ActiveRecord: 0.8ms)


Started POST "/users" for 127.0.0.1 at 2018-04-27 04:40:49 -0400
Processing by UsersController#create as HTML
  Parameters: {"utf8"=>"✓", "authenticity_token"=>"O+xn5wuqPWL7n3pwxtb2sEwidzSPrqxf4Sc4thRaPRWUoU7WBNOOa5a6UThcU2FddANgkXE4AHftqE5y7sfd3g==", "user"=>{"first_name"=>"Zena", "last_name"=>"Kip", "email"=>"zena@email.com", "password"=>"[FILTERED]"}, "commit"=>"Create User"}
  [1m[35m (0.1ms)[0m  [1m[36mbegin transaction[0m
  [1m[36mUser Exists (0.2ms)[0m  [1m[34mSELECT  1 AS one FROM "users" WHERE "users"."email" = ? LIMIT ?[0m  [["email", "zena@email.com"], ["LIMIT", 1]]
  [1m[35mSQL (5.4ms)[0m  [1m[32mINSERT INTO "users" ("first_name", "last_name", "email", "password_hash", "created_at", "updated_at") VALUES (?, ?, ?, ?, ?, ?)[0m  [["first_name", "Zena"], ["last_name", "Kip"], ["email", "zena@email.com"], ["password_hash", "$2a$10$/uHyxQOAnop4x6oSaAfC1OMxIYms5QLT4QRSojhLJcnMNArq8vglG"], ["created_at", "2018-04-27 08:40:49.693799"], ["updated_at", "2018-04-27 08:40:49.693799"]]
  [1m[35m (15.2ms)[0m  [1m[36mcommit transaction[0m
Redirected to http://localhost:3000/users/1
Completed 302 Found in 147ms (ActiveRecord: 20.9ms)


Started GET "/users/1" for 127.0.0.1 at 2018-04-27 04:40:49 -0400
Processing by UsersController#show as HTML
  Parameters: {"id"=>"1"}
  [1m[36mUser Load (0.2ms)[0m  [1m[34mSELECT  "users".* FROM "users" WHERE "users"."id" = ? LIMIT ?[0m  [["id", 1], ["LIMIT", 1]]
  Rendering users/show.html.erb within layouts/application
  [1m[36mPlaylist Exists (0.2ms)[0m  [1m[34mSELECT  1 AS one FROM "playlists" WHERE "playlists"."user_id" = ? LIMIT ?[0m  [["user_id", 1], ["LIMIT", 1]]
  Rendered users/show.html.erb within layouts/application (28.9ms)
  Rendered layouts/_nav.html.erb (1.2ms)
Completed 200 OK in 123ms (Views: 113.2ms | ActiveRecord: 0.4ms)


Started GET "/playlists" for 127.0.0.1 at 2018-04-27 04:40:59 -0400
Processing by PlaylistsController#index as HTML
  [1m[36mUser Load (0.5ms)[0m  [1m[34mSELECT  "users".* FROM "users" WHERE "users"."id" = ? LIMIT ?[0m  [["id", 1], ["LIMIT", 1]]
  Rendering playlists/index.html.erb within layouts/application
  [1m[36mPlaylist Load (0.2ms)[0m  [1m[34mSELECT "playlists".* FROM "playlists" WHERE "playlists"."user_id" = ?[0m  [["user_id", 1]]
  Rendered playlists/index.html.erb within layouts/application (6.6ms)
  Rendered layouts/_nav.html.erb (1.5ms)
Completed 200 OK in 112ms (Views: 104.2ms | ActiveRecord: 0.7ms)


Started GET "/playlists/new" for 127.0.0.1 at 2018-04-27 04:41:02 -0400
Processing by PlaylistsController#new as HTML
  Rendering playlists/new.html.erb within layouts/application
  Rendered playlists/_form.html.erb (7.8ms)
  Rendered playlists/new.html.erb within layouts/application (9.4ms)
  Rendered layouts/_nav.html.erb (2.6ms)
Completed 200 OK in 84ms (Views: 82.8ms | ActiveRecord: 0.0ms)


Started POST "/playlists" for 127.0.0.1 at 2018-04-27 04:41:07 -0400
Processing by PlaylistsController#create as HTML
  Parameters: {"utf8"=>"✓", "authenticity_token"=>"svGg18erYlcc5s8Xlpu+Y5hro7PXfwbE+kp9mcTBTzYkjujc5xciJyGvvMUw6x5/8iFM3UUr4yDOn+RoV8yUIA==", "playlist"=>{"name"=>"Test"}, "commit"=>"Create Playlist"}
  [1m[36mUser Load (0.3ms)[0m  [1m[34mSELECT  "users".* FROM "users" WHERE "users"."id" = ? LIMIT ?[0m  [["id", 1], ["LIMIT", 1]]
  [1m[35m (0.1ms)[0m  [1m[36mbegin transaction[0m
  [1m[36mPlaylist Exists (0.2ms)[0m  [1m[34mSELECT  1 AS one FROM "playlists" WHERE "playlists"."name" = ? LIMIT ?[0m  [["name", "Test"], ["LIMIT", 1]]
  [1m[35mSQL (5.0ms)[0m  [1m[32mINSERT INTO "playlists" ("user_id", "name", "created_at", "updated_at") VALUES (?, ?, ?, ?)[0m  [["user_id", 1], ["name", "Test"], ["created_at", "2018-04-27 08:41:07.672164"], ["updated_at", "2018-04-27 08:41:07.672164"]]
  [1m[35m (18.1ms)[0m  [1m[36mcommit transaction[0m
Redirected to http://localhost:3000/users/1
Completed 302 Found in 55ms (ActiveRecord: 23.6ms)


Started GET "/users/1" for 127.0.0.1 at 2018-04-27 04:41:07 -0400
Processing by UsersController#show as HTML
  Parameters: {"id"=>"1"}
  [1m[36mUser Load (0.1ms)[0m  [1m[34mSELECT  "users".* FROM "users" WHERE "users"."id" = ? LIMIT ?[0m  [["id", 1], ["LIMIT", 1]]
  Rendering users/show.html.erb within layouts/application
  [1m[36mPlaylist Exists (0.2ms)[0m  [1m[34mSELECT  1 AS one FROM "playlists" WHERE "playlists"."user_id" = ? LIMIT ?[0m  [["user_id", 1], ["LIMIT", 1]]
  [1m[36mPlaylist Load (0.2ms)[0m  [1m[34mSELECT "playlists".* FROM "playlists" WHERE "playlists"."user_id" = ?[0m  [["user_id", 1]]
  Rendered users/show.html.erb within layouts/application (8.8ms)
  Rendered layouts/_nav.html.erb (1.2ms)
Completed 200 OK in 105ms (Views: 96.4ms | ActiveRecord: 0.5ms)


Started GET "/playlists/1" for 127.0.0.1 at 2018-04-27 04:41:08 -0400
Processing by PlaylistsController#show as HTML
  Parameters: {"id"=>"1"}
  [1m[36mPlaylist Load (1.9ms)[0m  [1m[34mSELECT  "playlists".* FROM "playlists" WHERE "playlists"."id" = ? LIMIT ?[0m  [["id", 1], ["LIMIT", 1]]
  Rendering playlists/show.html.erb within layouts/application
  [1m[36mUser Load (0.1ms)[0m  [1m[34mSELECT  "users".* FROM "users" WHERE "users"."id" = ? LIMIT ?[0m  [["id", 1], ["LIMIT", 1]]
  [1m[36mTrack Load (0.2ms)[0m  [1m[34mSELECT "tracks".* FROM "tracks" WHERE "tracks"."playlist_id" = ?[0m  [["playlist_id", 1]]
  Rendered playlists/show.html.erb within layouts/application (43.9ms)
  Rendered layouts/_nav.html.erb (2.8ms)
Completed 200 OK in 152ms (Views: 145.0ms | ActiveRecord: 2.6ms)


Started GET "/playlists/1/add_track" for 127.0.0.1 at 2018-04-27 04:41:10 -0400
Processing by PlaylistsController#add_track as HTML
  Parameters: {"id"=>"1"}
  Rendering playlists/add_track.html.erb within layouts/application
  [1m[36mTrack Load (0.2ms)[0m  [1m[34mSELECT "tracks".* FROM "tracks" INNER JOIN "artists" ON "artists"."id" = "tracks"."artist_id" ORDER BY artists.name[0m
  Rendered playlists/add_track.html.erb within layouts/application (31.0ms)
  Rendered layouts/_nav.html.erb (1.3ms)
Completed 200 OK in 111ms (Views: 106.4ms | ActiveRecord: 0.6ms)


Started GET "/artists" for 127.0.0.1 at 2018-04-27 04:41:18 -0400
Processing by ArtistsController#index as HTML
  Rendering artists/index.html.erb within layouts/application
  [1m[36mArtist Load (0.2ms)[0m  [1m[34mSELECT "artists".* FROM "artists"[0m
  Rendered artists/index.html.erb within layouts/application (4.3ms)
  Rendered layouts/_nav.html.erb (2.3ms)
Completed 200 OK in 108ms (Views: 102.3ms | ActiveRecord: 0.5ms)


Started GET "/artists/new" for 127.0.0.1 at 2018-04-27 04:41:19 -0400
Processing by ArtistsController#new as HTML
  Rendering artists/new.html.erb within layouts/application
  Rendered artists/_form.html.erb (7.7ms)
  Rendered artists/new.html.erb within layouts/application (16.3ms)
  Rendered layouts/_nav.html.erb (1.3ms)
Completed 200 OK in 153ms (Views: 136.2ms | ActiveRecord: 0.0ms)


Started POST "/artists" for 127.0.0.1 at 2018-04-27 04:41:26 -0400
Processing by ArtistsController#create as HTML
  Parameters: {"utf8"=>"✓", "authenticity_token"=>"QWq5Gox7ElGe/TSp3ihEmeoOUb/80U5xIeFDHikleujjYA0em0UYAFNvzLyjgwFQ/hoRLfRNPdyh32Kol2Cawg==", "artist"=>{"name"=>"Wizkid"}, "commit"=>"Create Artist"}
  [1m[35m (2.2ms)[0m  [1m[36mbegin transaction[0m
  [1m[36mArtist Exists (0.3ms)[0m  [1m[34mSELECT  1 AS one FROM "artists" WHERE "artists"."name" = ? LIMIT ?[0m  [["name", "Wizkid"], ["LIMIT", 1]]
  [1m[35mSQL (2.9ms)[0m  [1m[32mINSERT INTO "artists" ("name", "created_at", "updated_at") VALUES (?, ?, ?)[0m  [["name", "Wizkid"], ["created_at", "2018-04-27 08:41:26.974444"], ["updated_at", "2018-04-27 08:41:26.974444"]]
  [1m[35m (12.1ms)[0m  [1m[36mcommit transaction[0m
Redirected to http://localhost:3000/artists/1
Completed 302 Found in 266ms (ActiveRecord: 17.4ms)


Started GET "/artists/1" for 127.0.0.1 at 2018-04-27 04:41:27 -0400
Processing by ArtistsController#show as HTML
  Parameters: {"id"=>"1"}
  [1m[36mArtist Load (0.2ms)[0m  [1m[34mSELECT  "artists".* FROM "artists" WHERE "artists"."id" = ? LIMIT ?[0m  [["id", 1], ["LIMIT", 1]]
  Rendering artists/show.html.erb within layouts/application
  [1m[36mTrack Load (0.2ms)[0m  [1m[34mSELECT "tracks".* FROM "tracks" WHERE "tracks"."artist_id" = ?[0m  [["artist_id", 1]]
  [1m[36mAlbum Load (0.5ms)[0m  [1m[34mSELECT "albums".* FROM "albums" WHERE "albums"."artist_id" = ?[0m  [["artist_id", 1]]
  Rendered artists/show.html.erb within layouts/application (18.2ms)
  Rendered layouts/_nav.html.erb (1.3ms)
Completed 200 OK in 100ms (Views: 94.5ms | ActiveRecord: 1.3ms)


Started GET "/artists/1/top_tracks" for 127.0.0.1 at 2018-04-27 04:41:31 -0400
Processing by ArtistsController#top_tracks as HTML
  Parameters: {"id"=>"1"}
  [1m[36mArtist Load (0.1ms)[0m  [1m[34mSELECT  "artists".* FROM "artists" WHERE "artists"."id" = ? LIMIT ?[0m  [["id", 1], ["LIMIT", 1]]
  Rendering artists/top_tracks.html.erb within layouts/application
  [1m[36mTrack Load (0.2ms)[0m  [1m[34mSELECT  "tracks".* FROM "tracks" WHERE "tracks"."artist_id" = 1 AND "tracks"."name" = ? LIMIT ?[0m  [["name", "My Love"], ["LIMIT", 1]]
  [1m[36mTrack Load (0.3ms)[0m  [1m[34mSELECT  "tracks".* FROM "tracks" WHERE "tracks"."artist_id" = 1 AND "tracks"."name" = ? LIMIT ?[0m  [["name", "Come Closer"], ["LIMIT", 1]]
  [1m[36mTrack Load (0.2ms)[0m  [1m[34mSELECT  "tracks".* FROM "tracks" WHERE "tracks"."artist_id" = 1 AND "tracks"."name" = ? LIMIT ?[0m  [["name", "Can't Believe"], ["LIMIT", 1]]
  [1m[36mTrack Load (0.2ms)[0m  [1m[34mSELECT  "tracks".* FROM "tracks" WHERE "tracks"."artist_id" = 1 AND "tracks"."name" = ? LIMIT ?[0m  [["name", "Ma Lo"], ["LIMIT", 1]]
  [1m[36mTrack Load (0.2ms)[0m  [1m[34mSELECT  "tracks".* FROM "tracks" WHERE "tracks"."artist_id" = 1 AND "tracks"."name" = ? LIMIT ?[0m  [["name", "Ojuelegba"], ["LIMIT", 1]]
  [1m[36mTrack Load (0.2ms)[0m  [1m[34mSELECT  "tracks".* FROM "tracks" WHERE "tracks"."artist_id" = 1 AND "tracks"."name" = ? LIMIT ?[0m  [["name", "Nowo"], ["LIMIT", 1]]
  [1m[36mTrack Load (0.2ms)[0m  [1m[34mSELECT  "tracks".* FROM "tracks" WHERE "tracks"."artist_id" = 1 AND "tracks"."name" = ? LIMIT ?[0m  [["name", "Dirty Wine"], ["LIMIT", 1]]
  [1m[36mTrack Load (0.2ms)[0m  [1m[34mSELECT  "tracks".* FROM "tracks" WHERE "tracks"."artist_id" = 1 AND "tracks"."name" = ? LIMIT ?[0m  [["name", "Naughty Ride"], ["LIMIT", 1]]
  [1m[36mTrack Load (0.3ms)[0m  [1m[34mSELECT  "tracks".* FROM "tracks" WHERE "tracks"."artist_id" = 1 AND "tracks"."name" = ? LIMIT ?[0m  [["name", "Manya"], ["LIMIT", 1]]
  [1m[36mTrack Load (0.3ms)[0m  [1m[34mSELECT  "tracks".* FROM "tracks" WHERE "tracks"."artist_id" = 1 AND "tracks"."name" = ? LIMIT ?[0m  [["name", "Daddy Yo"], ["LIMIT", 1]]
  Rendered artists/top_tracks.html.erb within layouts/application (443.2ms)
  Rendered layouts/_nav.html.erb (1.5ms)
Completed 200 OK in 535ms (Views: 514.5ms | ActiveRecord: 2.9ms)


Started POST "/artists/1/tracks" for 127.0.0.1 at 2018-04-27 04:41:33 -0400
Processing by TracksController#create as JS
  Parameters: {"utf8"=>"✓", "authenticity_token"=>"T9xACgUmE6eErBwC/3QMfQ5/XLsKnrgLdrsxINLmY0sc5wLKGup1iN4vsRxTbErvW0t/CMlai2rSoFy2c4HY9Q==", "track"=>{"artist_id"=>"1", "name"=>"My Love"}, "commit"=>"Create Track", "artist_id"=>"1"}
  [1m[36mArtist Load (0.2ms)[0m  [1m[34mSELECT  "artists".* FROM "artists" WHERE "artists"."id" = ? LIMIT ?[0m  [["id", 1], ["LIMIT", 1]]
  [1m[35m (0.1ms)[0m  [1m[36mbegin transaction[0m
  [1m[36mTrack Exists (4.0ms)[0m  [1m[34mSELECT  1 AS one FROM "tracks" WHERE "tracks"."name" = ? AND "tracks"."artist_id" = ? LIMIT ?[0m  [["name", "My Love"], ["artist_id", 1], ["LIMIT", 1]]
  [1m[35mSQL (2.1ms)[0m  [1m[32mINSERT INTO "tracks" ("name", "artist_id", "created_at", "updated_at") VALUES (?, ?, ?, ?)[0m  [["name", "My Love"], ["artist_id", 1], ["created_at", "2018-04-27 08:41:33.788971"], ["updated_at", "2018-04-27 08:41:33.788971"]]
  [1m[35m (15.5ms)[0m  [1m[36mcommit transaction[0m
Redirected to http://localhost:3000/artists/1/tracks/
Completed 200 OK in 247ms (ActiveRecord: 21.9ms)


Started GET "/artists/1/tracks/" for 127.0.0.1 at 2018-04-27 04:41:33 -0400
Processing by TracksController#index as HTML
  Parameters: {"artist_id"=>"1"}
  [1m[36mArtist Load (0.1ms)[0m  [1m[34mSELECT  "artists".* FROM "artists" WHERE "artists"."id" = ? LIMIT ?[0m  [["id", 1], ["LIMIT", 1]]
  Rendering tracks/index.html.erb within layouts/application
  [1m[36mTrack Load (0.3ms)[0m  [1m[34mSELECT "tracks".* FROM "tracks" WHERE "tracks"."artist_id" = ?[0m  [["artist_id", 1]]
  Rendered tracks/index.html.erb within layouts/application (197.8ms)
  Rendered layouts/_nav.html.erb (1.3ms)
Completed 200 OK in 281ms (Views: 277.1ms | ActiveRecord: 0.5ms)


Started GET "/artists/1" for 127.0.0.1 at 2018-04-27 04:41:36 -0400
Processing by ArtistsController#show as HTML
  Parameters: {"id"=>"1"}
  [1m[36mArtist Load (0.1ms)[0m  [1m[34mSELECT  "artists".* FROM "artists" WHERE "artists"."id" = ? LIMIT ?[0m  [["id", 1], ["LIMIT", 1]]
  Rendering artists/show.html.erb within layouts/application
  [1m[36mTrack Load (0.1ms)[0m  [1m[34mSELECT "tracks".* FROM "tracks" WHERE "tracks"."artist_id" = ?[0m  [["artist_id", 1]]
  [1m[36mAlbum Load (0.1ms)[0m  [1m[34mSELECT "albums".* FROM "albums" WHERE "albums"."artist_id" = ?[0m  [["artist_id", 1]]
  Rendered artists/show.html.erb within layouts/application (213.9ms)
  Rendered layouts/_nav.html.erb (7.4ms)
Completed 200 OK in 316ms (Views: 311.8ms | ActiveRecord: 0.4ms)


Started GET "/artists" for 127.0.0.1 at 2018-04-27 04:41:42 -0400
Processing by ArtistsController#index as HTML
  Rendering artists/index.html.erb within layouts/application
  [1m[36mArtist Load (2.0ms)[0m  [1m[34mSELECT "artists".* FROM "artists"[0m
  Rendered artists/index.html.erb within layouts/application (6.5ms)
  Rendered layouts/_nav.html.erb (3.2ms)
Completed 200 OK in 123ms (Views: 119.6ms | ActiveRecord: 2.0ms)


Started GET "/artists/1/top_tracks" for 127.0.0.1 at 2018-04-27 04:41:44 -0400
Processing by ArtistsController#top_tracks as HTML
  Parameters: {"id"=>"1"}
  [1m[36mArtist Load (0.1ms)[0m  [1m[34mSELECT  "artists".* FROM "artists" WHERE "artists"."id" = ? LIMIT ?[0m  [["id", 1], ["LIMIT", 1]]
  Rendering artists/top_tracks.html.erb within layouts/application
  [1m[36mTrack Load (0.2ms)[0m  [1m[34mSELECT  "tracks".* FROM "tracks" WHERE "tracks"."artist_id" = 1 AND "tracks"."name" = ? LIMIT ?[0m  [["name", "My Love"], ["LIMIT", 1]]
  [1m[36mTrack Load (0.2ms)[0m  [1m[34mSELECT  "tracks".* FROM "tracks" WHERE "tracks"."artist_id" = 1 AND "tracks"."name" = ? LIMIT ?[0m  [["name", "Come Closer"], ["LIMIT", 1]]
  [1m[36mTrack Load (0.2ms)[0m  [1m[34mSELECT  "tracks".* FROM "tracks" WHERE "tracks"."artist_id" = 1 AND "tracks"."name" = ? LIMIT ?[0m  [["name", "Can't Believe"], ["LIMIT", 1]]
  [1m[36mTrack Load (0.2ms)[0m  [1m[34mSELECT  "tracks".* FROM "tracks" WHERE "tracks"."artist_id" = 1 AND "tracks"."name" = ? LIMIT ?[0m  [["name", "Ma Lo"], ["LIMIT", 1]]
  [1m[36mTrack Load (0.2ms)[0m  [1m[34mSELECT  "tracks".* FROM "tracks" WHERE "tracks"."artist_id" = 1 AND "tracks"."name" = ? LIMIT ?[0m  [["name", "Ojuelegba"], ["LIMIT", 1]]
  [1m[36mTrack Load (0.2ms)[0m  [1m[34mSELECT  "tracks".* FROM "tracks" WHERE "tracks"."artist_id" = 1 AND "tracks"."name" = ? LIMIT ?[0m  [["name", "Nowo"], ["LIMIT", 1]]
  [1m[36mTrack Load (1.6ms)[0m  [1m[34mSELECT  "tracks".* FROM "tracks" WHERE "tracks"."artist_id" = 1 AND "tracks"."name" = ? LIMIT ?[0m  [["name", "Dirty Wine"], ["LIMIT", 1]]
  [1m[36mTrack Load (0.2ms)[0m  [1m[34mSELECT  "tracks".* FROM "tracks" WHERE "tracks"."artist_id" = 1 AND "tracks"."name" = ? LIMIT ?[0m  [["name", "Naughty Ride"], ["LIMIT", 1]]
  [1m[36mTrack Load (0.2ms)[0m  [1m[34mSELECT  "tracks".* FROM "tracks" WHERE "tracks"."artist_id" = 1 AND "tracks"."name" = ? LIMIT ?[0m  [["name", "Manya"], ["LIMIT", 1]]
  [1m[36mTrack Load (0.2ms)[0m  [1m[34mSELECT  "tracks".* FROM "tracks" WHERE "tracks"."artist_id" = 1 AND "tracks"."name" = ? LIMIT ?[0m  [["name", "Daddy Yo"], ["LIMIT", 1]]
  Rendered artists/top_tracks.html.erb within layouts/application (458.5ms)
  Rendered layouts/_nav.html.erb (1.3ms)
Completed 200 OK in 535ms (Views: 529.0ms | ActiveRecord: 3.5ms)


Started POST "/artists/1/tracks" for 127.0.0.1 at 2018-04-27 04:41:46 -0400
Processing by TracksController#create as JS
  Parameters: {"utf8"=>"✓", "authenticity_token"=>"dBvZ/CSu68uw4InbkqyPgfNLZnD0kiWK7i1KL6ugC2wnIJs8O2KN5OpjJMU+tMkTpn9FwzdWFutKNie5Csew0g==", "track"=>{"artist_id"=>"1", "name"=>"Come Closer"}, "commit"=>"Create Track", "artist_id"=>"1"}
  [1m[36mArtist Load (0.1ms)[0m  [1m[34mSELECT  "artists".* FROM "artists" WHERE "artists"."id" = ? LIMIT ?[0m  [["id", 1], ["LIMIT", 1]]
  [1m[35m (0.2ms)[0m  [1m[36mbegin transaction[0m
  [1m[36mTrack Exists (0.2ms)[0m  [1m[34mSELECT  1 AS one FROM "tracks" WHERE "tracks"."name" = ? AND "tracks"."artist_id" = ? LIMIT ?[0m  [["name", "Come Closer"], ["artist_id", 1], ["LIMIT", 1]]
  [1m[35mSQL (4.9ms)[0m  [1m[32mINSERT INTO "tracks" ("name", "artist_id", "created_at", "updated_at") VALUES (?, ?, ?, ?)[0m  [["name", "Come Closer"], ["artist_id", 1], ["created_at", "2018-04-27 08:41:46.210170"], ["updated_at", "2018-04-27 08:41:46.210170"]]
  [1m[35m (13.7ms)[0m  [1m[36mcommit transaction[0m
Redirected to http://localhost:3000/artists/1/tracks/
Completed 200 OK in 226ms (ActiveRecord: 19.2ms)


Started GET "/artists/1/tracks/" for 127.0.0.1 at 2018-04-27 04:41:46 -0400
Processing by TracksController#index as HTML
  Parameters: {"artist_id"=>"1"}
  [1m[36mArtist Load (0.1ms)[0m  [1m[34mSELECT  "artists".* FROM "artists" WHERE "artists"."id" = ? LIMIT ?[0m  [["id", 1], ["LIMIT", 1]]
  Rendering tracks/index.html.erb within layouts/application
  [1m[36mTrack Load (0.2ms)[0m  [1m[34mSELECT "tracks".* FROM "tracks" WHERE "tracks"."artist_id" = ?[0m  [["artist_id", 1]]
  Rendered tracks/index.html.erb within layouts/application (388.8ms)
  Rendered layouts/_nav.html.erb (1.5ms)
Completed 200 OK in 467ms (Views: 459.1ms | ActiveRecord: 0.3ms)


Started GET "/playlists" for 127.0.0.1 at 2018-04-27 04:41:50 -0400
Processing by PlaylistsController#index as HTML
  [1m[36mUser Load (0.1ms)[0m  [1m[34mSELECT  "users".* FROM "users" WHERE "users"."id" = ? LIMIT ?[0m  [["id", 1], ["LIMIT", 1]]
  Rendering playlists/index.html.erb within layouts/application
  [1m[36mPlaylist Load (0.2ms)[0m  [1m[34mSELECT "playlists".* FROM "playlists" WHERE "playlists"."user_id" = ?[0m  [["user_id", 1]]
  Rendered playlists/index.html.erb within layouts/application (6.1ms)
  Rendered layouts/_nav.html.erb (1.1ms)
Completed 200 OK in 93ms (Views: 86.2ms | ActiveRecord: 0.3ms)


Started GET "/playlists/1" for 127.0.0.1 at 2018-04-27 04:41:52 -0400
Processing by PlaylistsController#show as HTML
  Parameters: {"id"=>"1"}
  [1m[36mPlaylist Load (0.1ms)[0m  [1m[34mSELECT  "playlists".* FROM "playlists" WHERE "playlists"."id" = ? LIMIT ?[0m  [["id", 1], ["LIMIT", 1]]
  Rendering playlists/show.html.erb within layouts/application
  [1m[36mUser Load (0.2ms)[0m  [1m[34mSELECT  "users".* FROM "users" WHERE "users"."id" = ? LIMIT ?[0m  [["id", 1], ["LIMIT", 1]]
  [1m[36mTrack Load (0.1ms)[0m  [1m[34mSELECT "tracks".* FROM "tracks" WHERE "tracks"."playlist_id" = ?[0m  [["playlist_id", 1]]
  Rendered playlists/show.html.erb within layouts/application (10.9ms)
  Rendered layouts/_nav.html.erb (1.9ms)
Completed 200 OK in 94ms (Views: 89.7ms | ActiveRecord: 0.4ms)


Started GET "/playlists/1/add_track" for 127.0.0.1 at 2018-04-27 04:41:53 -0400
Processing by PlaylistsController#add_track as HTML
  Parameters: {"id"=>"1"}
  Rendering playlists/add_track.html.erb within layouts/application
  [1m[36mTrack Load (0.4ms)[0m  [1m[34mSELECT "tracks".* FROM "tracks" INNER JOIN "artists" ON "artists"."id" = "tracks"."artist_id" ORDER BY artists.name[0m
  [1m[36mArtist Load (0.2ms)[0m  [1m[34mSELECT  "artists".* FROM "artists" WHERE "artists"."id" = ? LIMIT ?[0m  [["id", 1], ["LIMIT", 1]]
  Rendered playlists/add_track.html.erb within layouts/application (208.9ms)
Completed 500 Internal Server Error in 220ms (ActiveRecord: 0.6ms)


  
ActionView::Template::Error (undefined method `tracks' for nil:NilClass):
    16:         <td><%= link_to track.name, artist_track_path(track.artist, track) %> by <%= link_to track.artist.name, track.artist %></td>
    17:         <td><%= content_tag :iframe, '', src: "https://open.spotify.com/embed?uri=#{track.spotify_uri}", width: 300, height: 380, frameborder: false %></td>
    18:         <td>
    19:           <% in_track = @playlist.tracks.include? track %>
    20:           <% if in_track %>
    21:             <p> You already have this song in your playlist!! </p>>
    22:           <% else %>
  
app/views/playlists/add_track.html.erb:19:in `block in _app_views_playlists_add_track_html_erb___2386349094475142446_70266507143280'
app/views/playlists/add_track.html.erb:13:in `each'
app/views/playlists/add_track.html.erb:13:in `with_index'
app/views/playlists/add_track.html.erb:13:in `_app_views_playlists_add_track_html_erb___2386349094475142446_70266507143280'
Started GET "/playlists/1/add_track" for 127.0.0.1 at 2018-04-27 04:43:45 -0400
Processing by PlaylistsController#add_track as HTML
  Parameters: {"id"=>"1"}
  [1m[36mPlaylist Load (0.2ms)[0m  [1m[34mSELECT  "playlists".* FROM "playlists" WHERE "playlists"."id" = ? LIMIT ?[0m  [["id", 1], ["LIMIT", 1]]
  Rendering playlists/add_track.html.erb within layouts/application
  [1m[36mTrack Load (0.7ms)[0m  [1m[34mSELECT "tracks".* FROM "tracks" INNER JOIN "artists" ON "artists"."id" = "tracks"."artist_id" ORDER BY artists.name[0m
  [1m[36mArtist Load (0.2ms)[0m  [1m[34mSELECT  "artists".* FROM "artists" WHERE "artists"."id" = ? LIMIT ?[0m  [["id", 1], ["LIMIT", 1]]
  [1m[36mTrack Exists (0.2ms)[0m  [1m[34mSELECT  1 AS one FROM "tracks" WHERE "tracks"."playlist_id" = ? AND "tracks"."id" = ? LIMIT ?[0m  [["playlist_id", 1], ["id", 1], ["LIMIT", 1]]
  Rendered playlists/add_track.html.erb within layouts/application (1017.8ms)
Completed 500 Internal Server Error in 1053ms (ActiveRecord: 8.3ms)


  
ActionView::Template::Error (undefined local variable or method `playlist' for #<#<Class:0x007fd071f4ec98>:0x007fd071f4abe8>
Did you mean?  @playlist):
    20:           <% if in_track %>
    21:             <p> You already have this song in your playlist!! </p>>
    22:           <% else %>
    23:             <%= form_with model: [playlist, track] do |f| %>
    24:               <%= f.hidden_field :playlist_id, value: playlist.id %>
    25:               <%= f.hidden_field :name, value: track.name %>
    26:               <%= f.submit 'Add to Playlist!', class: 'btn btn-primary' %>
  
app/views/playlists/add_track.html.erb:23:in `block in _app_views_playlists_add_track_html_erb___2386349094475142446_70266620902900'
app/views/playlists/add_track.html.erb:13:in `each'
app/views/playlists/add_track.html.erb:13:in `with_index'
app/views/playlists/add_track.html.erb:13:in `_app_views_playlists_add_track_html_erb___2386349094475142446_70266620902900'
Started GET "/playlists/1/add_track" for 127.0.0.1 at 2018-04-27 04:44:01 -0400
Processing by PlaylistsController#add_track as HTML
  Parameters: {"id"=>"1"}
  [1m[36mPlaylist Load (0.2ms)[0m  [1m[34mSELECT  "playlists".* FROM "playlists" WHERE "playlists"."id" = ? LIMIT ?[0m  [["id", 1], ["LIMIT", 1]]
  Rendering playlists/add_track.html.erb within layouts/application
  [1m[36mTrack Load (2.4ms)[0m  [1m[34mSELECT "tracks".* FROM "tracks" INNER JOIN "artists" ON "artists"."id" = "tracks"."artist_id" ORDER BY artists.name[0m
  [1m[36mArtist Load (0.3ms)[0m  [1m[34mSELECT  "artists".* FROM "artists" WHERE "artists"."id" = ? LIMIT ?[0m  [["id", 1], ["LIMIT", 1]]
  [1m[36mTrack Exists (0.2ms)[0m  [1m[34mSELECT  1 AS one FROM "tracks" WHERE "tracks"."playlist_id" = ? AND "tracks"."id" = ? LIMIT ?[0m  [["playlist_id", 1], ["id", 1], ["LIMIT", 1]]
  Rendered playlists/add_track.html.erb within layouts/application (615.9ms)
Completed 500 Internal Server Error in 627ms (ActiveRecord: 3.1ms)


  
ActionView::Template::Error (undefined method `playlist_track_path' for #<#<Class:0x007fd071f4ec98>:0x007fd072f4ce10>
Did you mean?  artist_track_path):
    20:           <% if in_track %>
    21:             <p> You already have this song in your playlist!! </p>>
    22:           <% else %>
    23:             <%= form_with model: [@playlist, track] do |f| %>
    24:               <%= f.hidden_field :playlist_id, value: playlist.id %>
    25:               <%= f.hidden_field :name, value: track.name %>
    26:               <%= f.submit 'Add to Playlist!', class: 'btn btn-primary' %>
  
app/views/playlists/add_track.html.erb:23:in `block in _app_views_playlists_add_track_html_erb___2386349094475142446_70266629287400'
app/views/playlists/add_track.html.erb:13:in `each'
app/views/playlists/add_track.html.erb:13:in `with_index'
app/views/playlists/add_track.html.erb:13:in `_app_views_playlists_add_track_html_erb___2386349094475142446_70266629287400'
Started GET "/playlists/1/add_track" for 127.0.0.1 at 2018-04-27 04:44:59 -0400
Processing by PlaylistsController#add_track as HTML
  Parameters: {"id"=>"1"}
  [1m[36mPlaylist Load (0.4ms)[0m  [1m[34mSELECT  "playlists".* FROM "playlists" WHERE "playlists"."id" = ? LIMIT ?[0m  [["id", 1], ["LIMIT", 1]]
  Rendering playlists/add_track.html.erb within layouts/application
  [1m[36mTrack Load (0.5ms)[0m  [1m[34mSELECT "tracks".* FROM "tracks" INNER JOIN "artists" ON "artists"."id" = "tracks"."artist_id" ORDER BY artists.name[0m
  [1m[36mArtist Load (0.3ms)[0m  [1m[34mSELECT  "artists".* FROM "artists" WHERE "artists"."id" = ? LIMIT ?[0m  [["id", 1], ["LIMIT", 1]]
  [1m[36mTrack Exists (0.2ms)[0m  [1m[34mSELECT  1 AS one FROM "tracks" WHERE "tracks"."playlist_id" = ? AND "tracks"."id" = ? LIMIT ?[0m  [["playlist_id", 1], ["id", 1], ["LIMIT", 1]]
  Rendered playlists/add_track.html.erb within layouts/application (637.2ms)
Completed 500 Internal Server Error in 651ms (ActiveRecord: 1.4ms)


  
ActionView::Template::Error (undefined method `playlist_artist_path' for #<#<Class:0x007fd071f4ec98>:0x007fd073088310>
Did you mean?  playlist_path):
    20:           <% if in_track %>
    21:             <p> You already have this song in your playlist!! </p>>
    22:           <% else %>
    23:             <%= form_with model: [@playlist, track.artist] do |f| %>
    24:               <%= f.hidden_field :playlist_id, value: playlist.id %>
    25:               <%= f.hidden_field :name, value: track.name %>
    26:               <%= f.submit 'Add to Playlist!', class: 'btn btn-primary' %>
  
app/views/playlists/add_track.html.erb:23:in `block in _app_views_playlists_add_track_html_erb___2386349094475142446_70266629933000'
app/views/playlists/add_track.html.erb:13:in `each'
app/views/playlists/add_track.html.erb:13:in `with_index'
app/views/playlists/add_track.html.erb:13:in `_app_views_playlists_add_track_html_erb___2386349094475142446_70266629933000'
Started GET "/playlists/1/add_track" for 127.0.0.1 at 2018-04-27 04:45:12 -0400
Processing by PlaylistsController#add_track as HTML
  Parameters: {"id"=>"1"}
  [1m[36mPlaylist Load (2.9ms)[0m  [1m[34mSELECT  "playlists".* FROM "playlists" WHERE "playlists"."id" = ? LIMIT ?[0m  [["id", 1], ["LIMIT", 1]]
  Rendering playlists/add_track.html.erb within layouts/application
  [1m[36mTrack Load (0.3ms)[0m  [1m[34mSELECT "tracks".* FROM "tracks" INNER JOIN "artists" ON "artists"."id" = "tracks"."artist_id" ORDER BY artists.name[0m
  [1m[36mArtist Load (0.2ms)[0m  [1m[34mSELECT  "artists".* FROM "artists" WHERE "artists"."id" = ? LIMIT ?[0m  [["id", 1], ["LIMIT", 1]]
  [1m[36mTrack Exists (0.4ms)[0m  [1m[34mSELECT  1 AS one FROM "tracks" WHERE "tracks"."playlist_id" = ? AND "tracks"."id" = ? LIMIT ?[0m  [["playlist_id", 1], ["id", 1], ["LIMIT", 1]]
  Rendered playlists/add_track.html.erb within layouts/application (737.1ms)
Completed 500 Internal Server Error in 754ms (ActiveRecord: 3.7ms)


  
ActionView::Template::Error (undefined method `playlist_artist_path' for #<#<Class:0x007fd071f4ec98>:0x007fd068364f80>
Did you mean?  playlist_path):
    20:           <% if in_track %>
    21:             <p> You already have this song in your playlist!! </p>>
    22:           <% else %>
    23:             <%= form_with model: [@playlist, track.artist] do |f| %>
    24:               <%= f.hidden_field :playlist_id, value: playlist.id %>
    25:               <%= f.hidden_field :name, value: track.name %>
    26:               <%= f.submit 'Add to Playlist!', class: 'btn btn-primary' %>
  
app/views/playlists/add_track.html.erb:23:in `block in _app_views_playlists_add_track_html_erb___2386349094475142446_70266539158740'
app/views/playlists/add_track.html.erb:13:in `each'
app/views/playlists/add_track.html.erb:13:in `with_index'
app/views/playlists/add_track.html.erb:13:in `_app_views_playlists_add_track_html_erb___2386349094475142446_70266539158740'
Started GET "/playlists/1/add_track" for 127.0.0.1 at 2018-04-27 04:45:21 -0400
Processing by PlaylistsController#add_track as HTML
  Parameters: {"id"=>"1"}
  [1m[36mPlaylist Load (0.2ms)[0m  [1m[34mSELECT  "playlists".* FROM "playlists" WHERE "playlists"."id" = ? LIMIT ?[0m  [["id", 1], ["LIMIT", 1]]
  Rendering playlists/add_track.html.erb within layouts/application
  [1m[36mTrack Load (0.3ms)[0m  [1m[34mSELECT "tracks".* FROM "tracks" INNER JOIN "artists" ON "artists"."id" = "tracks"."artist_id" ORDER BY artists.name[0m
  [1m[36mArtist Load (0.2ms)[0m  [1m[34mSELECT  "artists".* FROM "artists" WHERE "artists"."id" = ? LIMIT ?[0m  [["id", 1], ["LIMIT", 1]]
  [1m[36mTrack Exists (0.4ms)[0m  [1m[34mSELECT  1 AS one FROM "tracks" WHERE "tracks"."playlist_id" = ? AND "tracks"."id" = ? LIMIT ?[0m  [["playlist_id", 1], ["id", 1], ["LIMIT", 1]]
  Rendered playlists/add_track.html.erb within layouts/application (760.3ms)
Completed 500 Internal Server Error in 770ms (ActiveRecord: 1.1ms)


  
ActionView::Template::Error (undefined method `playlist_track_path' for #<#<Class:0x007fd071f4ec98>:0x007fd072aa7540>
Did you mean?  artist_track_path):
    20:           <% if in_track %>
    21:             <p> You already have this song in your playlist!! </p>>
    22:           <% else %>
    23:             <%= form_with model: [@playlist, track] do |f| %>
    24:               <%= f.hidden_field :playlist_id, value: playlist.id %>
    25:               <%= f.hidden_field :name, value: track.name %>
    26:               <%= f.submit 'Add to Playlist!', class: 'btn btn-primary' %>
  
app/views/playlists/add_track.html.erb:23:in `block in _app_views_playlists_add_track_html_erb___2386349094475142446_70266626826500'
app/views/playlists/add_track.html.erb:13:in `each'
app/views/playlists/add_track.html.erb:13:in `with_index'
app/views/playlists/add_track.html.erb:13:in `_app_views_playlists_add_track_html_erb___2386349094475142446_70266626826500'
Started GET "/playlists/1/add_track" for 127.0.0.1 at 2018-04-27 04:45:37 -0400
Processing by PlaylistsController#add_track as HTML
  Parameters: {"id"=>"1"}
  [1m[36mPlaylist Load (0.4ms)[0m  [1m[34mSELECT  "playlists".* FROM "playlists" WHERE "playlists"."id" = ? LIMIT ?[0m  [["id", 1], ["LIMIT", 1]]
  Rendering playlists/add_track.html.erb within layouts/application
  [1m[36mTrack Load (0.3ms)[0m  [1m[34mSELECT "tracks".* FROM "tracks" INNER JOIN "artists" ON "artists"."id" = "tracks"."artist_id" ORDER BY artists.name[0m
  [1m[36mArtist Load (0.3ms)[0m  [1m[34mSELECT  "artists".* FROM "artists" WHERE "artists"."id" = ? LIMIT ?[0m  [["id", 1], ["LIMIT", 1]]
  [1m[36mTrack Exists (0.2ms)[0m  [1m[34mSELECT  1 AS one FROM "tracks" WHERE "tracks"."playlist_id" = ? AND "tracks"."id" = ? LIMIT ?[0m  [["playlist_id", 1], ["id", 1], ["LIMIT", 1]]
  Rendered playlists/add_track.html.erb within layouts/application (568.5ms)
Completed 500 Internal Server Error in 579ms (ActiveRecord: 1.2ms)


  
ActionView::Template::Error (undefined method `track_path' for #<#<Class:0x007fd071f4ec98>:0x007fd06c299818>
Did you mean?  tracks_path):
    20:           <% if in_track %>
    21:             <p> You already have this song in your playlist!! </p>>
    22:           <% else %>
    23:             <%= form_with model: track do |f| %>
    24:               <%= f.hidden_field :playlist_id, value: playlist.id %>
    25:               <%= f.hidden_field :name, value: track.name %>
    26:               <%= f.submit 'Add to Playlist!', class: 'btn btn-primary' %>
  
app/views/playlists/add_track.html.erb:23:in `block in _app_views_playlists_add_track_html_erb___2386349094475142446_70266572296480'
app/views/playlists/add_track.html.erb:13:in `each'
app/views/playlists/add_track.html.erb:13:in `with_index'
app/views/playlists/add_track.html.erb:13:in `_app_views_playlists_add_track_html_erb___2386349094475142446_70266572296480'
Started GET "/playlists/1/add_track" for 127.0.0.1 at 2018-04-27 04:46:12 -0400
Processing by PlaylistsController#add_track as HTML
  Parameters: {"id"=>"1"}
  [1m[36mPlaylist Load (0.3ms)[0m  [1m[34mSELECT  "playlists".* FROM "playlists" WHERE "playlists"."id" = ? LIMIT ?[0m  [["id", 1], ["LIMIT", 1]]
  Rendering playlists/add_track.html.erb within layouts/application
  [1m[36mTrack Load (0.6ms)[0m  [1m[34mSELECT "tracks".* FROM "tracks" INNER JOIN "artists" ON "artists"."id" = "tracks"."artist_id" ORDER BY artists.name[0m
  [1m[36mArtist Load (0.2ms)[0m  [1m[34mSELECT  "artists".* FROM "artists" WHERE "artists"."id" = ? LIMIT ?[0m  [["id", 1], ["LIMIT", 1]]
  [1m[36mTrack Exists (0.2ms)[0m  [1m[34mSELECT  1 AS one FROM "tracks" WHERE "tracks"."playlist_id" = ? AND "tracks"."id" = ? LIMIT ?[0m  [["playlist_id", 1], ["id", 1], ["LIMIT", 1]]
  Rendered playlists/add_track.html.erb within layouts/application (885.7ms)
Completed 500 Internal Server Error in 900ms (ActiveRecord: 1.3ms)


  
ActionView::Template::Error (undefined local variable or method `playlist' for #<#<Class:0x007fd071f4ec98>:0x007fd06c282ff0>
Did you mean?  @playlist):
    21:             <p> You already have this song in your playlist!! </p>>
    22:           <% else %>
    23:             <%= form_with model: [track.artist, track] do |f| %>
    24:               <%= f.hidden_field :playlist_id, value: playlist.id %>
    25:               <%= f.hidden_field :name, value: track.name %>
    26:               <%= f.submit 'Add to Playlist!', class: 'btn btn-primary' %>
    27:             <% end %>
  
app/views/playlists/add_track.html.erb:24:in `block (2 levels) in _app_views_playlists_add_track_html_erb___2386349094475142446_70266572250480'
app/views/playlists/add_track.html.erb:23:in `block in _app_views_playlists_add_track_html_erb___2386349094475142446_70266572250480'
app/views/playlists/add_track.html.erb:13:in `each'
app/views/playlists/add_track.html.erb:13:in `with_index'
app/views/playlists/add_track.html.erb:13:in `_app_views_playlists_add_track_html_erb___2386349094475142446_70266572250480'
Started GET "/playlists/1/add_track" for 127.0.0.1 at 2018-04-27 04:46:30 -0400
Processing by PlaylistsController#add_track as HTML
  Parameters: {"id"=>"1"}
  [1m[36mPlaylist Load (0.2ms)[0m  [1m[34mSELECT  "playlists".* FROM "playlists" WHERE "playlists"."id" = ? LIMIT ?[0m  [["id", 1], ["LIMIT", 1]]
  Rendering playlists/add_track.html.erb within layouts/application
  [1m[36mTrack Load (0.3ms)[0m  [1m[34mSELECT "tracks".* FROM "tracks" INNER JOIN "artists" ON "artists"."id" = "tracks"."artist_id" ORDER BY artists.name[0m
  [1m[36mArtist Load (0.8ms)[0m  [1m[34mSELECT  "artists".* FROM "artists" WHERE "artists"."id" = ? LIMIT ?[0m  [["id", 1], ["LIMIT", 1]]
  [1m[36mTrack Exists (0.2ms)[0m  [1m[34mSELECT  1 AS one FROM "tracks" WHERE "tracks"."playlist_id" = ? AND "tracks"."id" = ? LIMIT ?[0m  [["playlist_id", 1], ["id", 1], ["LIMIT", 1]]
  [1m[36mCACHE Artist Load (0.0ms)[0m  [1m[34mSELECT  "artists".* FROM "artists" WHERE "artists"."id" = ? LIMIT ?[0m  [["id", 1], ["LIMIT", 1]]
  [1m[36mTrack Exists (0.3ms)[0m  [1m[34mSELECT  1 AS one FROM "tracks" WHERE "tracks"."playlist_id" = ? AND "tracks"."id" = ? LIMIT ?[0m  [["playlist_id", 1], ["id", 2], ["LIMIT", 1]]
  Rendered playlists/add_track.html.erb within layouts/application (472.5ms)
  Rendered layouts/_nav.html.erb (1.3ms)
Completed 200 OK in 546ms (Views: 541.1ms | ActiveRecord: 1.8ms)


Started GET "/playlists/1/add_track" for 127.0.0.1 at 2018-04-27 04:47:50 -0400
Processing by PlaylistsController#add_track as HTML
  Parameters: {"id"=>"1"}
  [1m[36mPlaylist Load (0.9ms)[0m  [1m[34mSELECT  "playlists".* FROM "playlists" WHERE "playlists"."id" = ? LIMIT ?[0m  [["id", 1], ["LIMIT", 1]]
  Rendering playlists/add_track.html.erb within layouts/application
  [1m[36mTrack Load (0.3ms)[0m  [1m[34mSELECT "tracks".* FROM "tracks" INNER JOIN "artists" ON "artists"."id" = "tracks"."artist_id" ORDER BY artists.name[0m
  [1m[36mArtist Load (0.2ms)[0m  [1m[34mSELECT  "artists".* FROM "artists" WHERE "artists"."id" = ? LIMIT ?[0m  [["id", 1], ["LIMIT", 1]]
  [1m[36mTrack Exists (0.2ms)[0m  [1m[34mSELECT  1 AS one FROM "tracks" WHERE "tracks"."playlist_id" = ? AND "tracks"."id" = ? LIMIT ?[0m  [["playlist_id", 1], ["id", 1], ["LIMIT", 1]]
  [1m[36mCACHE Artist Load (0.0ms)[0m  [1m[34mSELECT  "artists".* FROM "artists" WHERE "artists"."id" = ? LIMIT ?[0m  [["id", 1], ["LIMIT", 1]]
  [1m[36mTrack Exists (0.3ms)[0m  [1m[34mSELECT  1 AS one FROM "tracks" WHERE "tracks"."playlist_id" = ? AND "tracks"."id" = ? LIMIT ?[0m  [["playlist_id", 1], ["id", 2], ["LIMIT", 1]]
  Rendered playlists/add_track.html.erb within layouts/application (431.6ms)
  Rendered layouts/_nav.html.erb (1.9ms)
Completed 200 OK in 549ms (Views: 512.5ms | ActiveRecord: 10.5ms)


Started PATCH "/playlists/1/tracks/1" for 127.0.0.1 at 2018-04-27 04:47:53 -0400
  
ActionController::RoutingError (No route matches [PATCH] "/playlists/1/tracks/1"):
  
actionpack (5.1.6) lib/action_dispatch/middleware/debug_exceptions.rb:63:in `call'
web-console (3.6.1) lib/web_console/middleware.rb:135:in `call_app'
web-console (3.6.1) lib/web_console/middleware.rb:30:in `block in call'
web-console (3.6.1) lib/web_console/middleware.rb:20:in `catch'
web-console (3.6.1) lib/web_console/middleware.rb:20:in `call'
actionpack (5.1.6) lib/action_dispatch/middleware/show_exceptions.rb:31:in `call'
railties (5.1.6) lib/rails/rack/logger.rb:36:in `call_app'
railties (5.1.6) lib/rails/rack/logger.rb:24:in `block in call'
activesupport (5.1.6) lib/active_support/tagged_logging.rb:69:in `block in tagged'
activesupport (5.1.6) lib/active_support/tagged_logging.rb:26:in `tagged'
activesupport (5.1.6) lib/active_support/tagged_logging.rb:69:in `tagged'
railties (5.1.6) lib/rails/rack/logger.rb:24:in `call'
sprockets-rails (3.2.1) lib/sprockets/rails/quiet_assets.rb:13:in `call'
actionpack (5.1.6) lib/action_dispatch/middleware/remote_ip.rb:79:in `call'
actionpack (5.1.6) lib/action_dispatch/middleware/request_id.rb:25:in `call'
rack (2.0.5) lib/rack/method_override.rb:22:in `call'
rack (2.0.5) lib/rack/runtime.rb:22:in `call'
activesupport (5.1.6) lib/active_support/cache/strategy/local_cache_middleware.rb:27:in `call'
actionpack (5.1.6) lib/action_dispatch/middleware/executor.rb:12:in `call'
actionpack (5.1.6) lib/action_dispatch/middleware/static.rb:125:in `call'
rack (2.0.5) lib/rack/sendfile.rb:111:in `call'
railties (5.1.6) lib/rails/engine.rb:522:in `call'
puma (3.11.4) lib/puma/configuration.rb:225:in `call'
puma (3.11.4) lib/puma/server.rb:632:in `handle_request'
puma (3.11.4) lib/puma/server.rb:446:in `process_client'
puma (3.11.4) lib/puma/server.rb:306:in `block in run'
puma (3.11.4) lib/puma/thread_pool.rb:120:in `block in spawn_thread'
Started PATCH "/playlists/1/tracks/2" for 127.0.0.1 at 2018-04-27 04:47:55 -0400
  
ActionController::RoutingError (No route matches [PATCH] "/playlists/1/tracks/2"):
  
actionpack (5.1.6) lib/action_dispatch/middleware/debug_exceptions.rb:63:in `call'
web-console (3.6.1) lib/web_console/middleware.rb:135:in `call_app'
web-console (3.6.1) lib/web_console/middleware.rb:30:in `block in call'
web-console (3.6.1) lib/web_console/middleware.rb:20:in `catch'
web-console (3.6.1) lib/web_console/middleware.rb:20:in `call'
actionpack (5.1.6) lib/action_dispatch/middleware/show_exceptions.rb:31:in `call'
railties (5.1.6) lib/rails/rack/logger.rb:36:in `call_app'
railties (5.1.6) lib/rails/rack/logger.rb:24:in `block in call'
activesupport (5.1.6) lib/active_support/tagged_logging.rb:69:in `block in tagged'
activesupport (5.1.6) lib/active_support/tagged_logging.rb:26:in `tagged'
activesupport (5.1.6) lib/active_support/tagged_logging.rb:69:in `tagged'
railties (5.1.6) lib/rails/rack/logger.rb:24:in `call'
sprockets-rails (3.2.1) lib/sprockets/rails/quiet_assets.rb:13:in `call'
actionpack (5.1.6) lib/action_dispatch/middleware/remote_ip.rb:79:in `call'
actionpack (5.1.6) lib/action_dispatch/middleware/request_id.rb:25:in `call'
rack (2.0.5) lib/rack/method_override.rb:22:in `call'
rack (2.0.5) lib/rack/runtime.rb:22:in `call'
activesupport (5.1.6) lib/active_support/cache/strategy/local_cache_middleware.rb:27:in `call'
actionpack (5.1.6) lib/action_dispatch/middleware/executor.rb:12:in `call'
actionpack (5.1.6) lib/action_dispatch/middleware/static.rb:125:in `call'
rack (2.0.5) lib/rack/sendfile.rb:111:in `call'
railties (5.1.6) lib/rails/engine.rb:522:in `call'
puma (3.11.4) lib/puma/configuration.rb:225:in `call'
puma (3.11.4) lib/puma/server.rb:632:in `handle_request'
puma (3.11.4) lib/puma/server.rb:446:in `process_client'
puma (3.11.4) lib/puma/server.rb:306:in `block in run'
puma (3.11.4) lib/puma/thread_pool.rb:120:in `block in spawn_thread'
Started PATCH "/playlists/1/tracks/2" for 127.0.0.1 at 2018-04-27 04:49:34 -0400
  
ActionController::RoutingError (No route matches [PATCH] "/playlists/1/tracks/2"):
  
actionpack (5.1.6) lib/action_dispatch/middleware/debug_exceptions.rb:63:in `call'
web-console (3.6.1) lib/web_console/middleware.rb:135:in `call_app'
web-console (3.6.1) lib/web_console/middleware.rb:30:in `block in call'
web-console (3.6.1) lib/web_console/middleware.rb:20:in `catch'
web-console (3.6.1) lib/web_console/middleware.rb:20:in `call'
actionpack (5.1.6) lib/action_dispatch/middleware/show_exceptions.rb:31:in `call'
railties (5.1.6) lib/rails/rack/logger.rb:36:in `call_app'
railties (5.1.6) lib/rails/rack/logger.rb:24:in `block in call'
activesupport (5.1.6) lib/active_support/tagged_logging.rb:69:in `block in tagged'
activesupport (5.1.6) lib/active_support/tagged_logging.rb:26:in `tagged'
activesupport (5.1.6) lib/active_support/tagged_logging.rb:69:in `tagged'
railties (5.1.6) lib/rails/rack/logger.rb:24:in `call'
sprockets-rails (3.2.1) lib/sprockets/rails/quiet_assets.rb:13:in `call'
actionpack (5.1.6) lib/action_dispatch/middleware/remote_ip.rb:79:in `call'
actionpack (5.1.6) lib/action_dispatch/middleware/request_id.rb:25:in `call'
rack (2.0.5) lib/rack/method_override.rb:22:in `call'
rack (2.0.5) lib/rack/runtime.rb:22:in `call'
activesupport (5.1.6) lib/active_support/cache/strategy/local_cache_middleware.rb:27:in `call'
actionpack (5.1.6) lib/action_dispatch/middleware/executor.rb:12:in `call'
actionpack (5.1.6) lib/action_dispatch/middleware/static.rb:125:in `call'
rack (2.0.5) lib/rack/sendfile.rb:111:in `call'
railties (5.1.6) lib/rails/engine.rb:522:in `call'
puma (3.11.4) lib/puma/configuration.rb:225:in `call'
puma (3.11.4) lib/puma/server.rb:632:in `handle_request'
puma (3.11.4) lib/puma/server.rb:446:in `process_client'
puma (3.11.4) lib/puma/server.rb:306:in `block in run'
puma (3.11.4) lib/puma/thread_pool.rb:120:in `block in spawn_thread'
